Time = 0.1
0.00614111
Time = 0.2
0.00855703
Time = 0.3
0.00946043
Time = 0.4
0.00979824
Time = 0.5
0.00992456
Time = 0.6
0.00997179
Time = 0.7
0.00998945
Time = 0.8
0.00999606
Time = 0.9
0.00999853
Time = 1
0.00999945
Time = 0.1
0.00614111
Time = 0.2
0.00855703
Time = 0.3
0.00946043
Time = 0.4
0.00979824
Time = 0.5
0.00992456
Time = 0.6
0.00997179
Time = 0.7
0.00998945
Time = 0.8
0.00999606
Time = 0.9
0.00999853
Time = 1
0.00999945
Time = 0.1
0.00614111
Time = 0.2
0.00855703
Time = 0.3
0.00946043
Time = 0.4
0.00979824
Time = 0.5
0.00992456
Time = 0.6
0.00997179
Time = 0.7
0.00998945
Time = 0.8
0.00999606
Time = 0.9
0.00999853
Time = 1
0.00999945
Time = 0.1
0.00614111
Time = 0.2
0.00855703
Time = 0.3
0.00946043
Time = 0.4
0.00979824
Time = 0.5
0.00992456
Time = 0.6
0.00997179
Time = 0.7
0.00998945
Time = 0.8
0.00999606
Time = 0.9
0.00999853
Time = 1
0.00999945
Time = 0.1
0.00614111
Time = 0.2
0.00855703
Time = 0.3
0.00946043
Time = 0.4
0.00979824
Time = 0.5
0.00992456
Time = 0.6
0.00997179
Time = 0.7
0.00998945
Time = 0.8
0.00999606
Time = 0.9
0.00999853
Time = 1
0.00999945
Time = 0.1
0.00614111
Time = 0.2
0.00855703
Time = 0.3
0.00946043
Time = 0.4
0.00979824
Time = 0.5
0.00992456
Time = 0.6
0.00997179
Time = 0.7
0.00998945
Time = 0.8
0.00999606
Time = 0.9
0.00999853
Time = 1
0.00999945
Time = 0.1
0.00614111
Time = 0.2
0.00855703
Time = 0.3
0.00946043
Time = 0.4
0.00979824
Time = 0.5
0.00992456
Time = 0.6
0.00997179
Time = 0.7
0.00998945
Time = 0.8
0.00999606
Time = 0.9
0.00999853
Time = 1
0.00999945
Time = 0.1
0.00614111
Time = 0.2
0.00855703
Time = 0.3
0.00946043
Time = 0.4
0.00979824
Time = 0.5
0.00992456
Time = 0.6
0.00997179
Time = 0.7
0.00998945
Time = 0.8
0.00999606
Time = 0.9
0.00999853
Time = 1
0.00999945
Time = 0.1
0.00614111
Time = 0.2
0.00855703
Time = 0.3
0.00946043
Time = 0.4
0.00979824
Time = 0.5
0.00992456
Time = 0.6
0.00997179
Time = 0.7
0.00998945
Time = 0.8
0.00999606
Time = 0.9
0.00999853
Time = 1
0.00999945
Time = 0.1
0.00614111
Time = 0.2
0.00855703
Time = 0.3
0.00946043
Time = 0.4
0.00979824
Time = 0.5
0.00992456
Time = 0.6
0.00997179
Time = 0.7
0.00998945
Time = 0.8
0.00999606
Time = 0.9
0.00999853
Time = 1
0.00999945
Time = 0.1
0.00614111
Time = 0.2
0.00855703
Time = 0.3
0.00946043
Time = 0.4
0.00979824
Time = 0.5
0.00992456
Time = 0.6
0.00997179
Time = 0.7
0.00998945
Time = 0.8
0.00999606
Time = 0.9
0.00999853
Time = 1
0.00999945
Time = 0.1
0.00614111
Time = 0.2
0.00855703
Time = 0.3
0.00946043
Time = 0.4
0.00979824
Time = 0.5
0.00992456
Time = 0.6
0.00997179
Time = 0.7
0.00998945
Time = 0.8
0.00999606
Time = 0.9
0.00999853
Time = 1
0.00999945
Time = 0.1
0.00614111
Time = 0.2
0.00855703
Time = 0.3
0.00946043
Time = 0.4
0.00979824
Time = 0.5
0.00992456
Time = 0.6
0.00997179
Time = 0.7
0.00998945
Time = 0.8
0.00999606
Time = 0.9
0.00999853
Time = 1
0.00999945
Time = 0.1
0.00614111
Time = 0.2
0.00855703
Time = 0.3
0.00946043
Time = 0.4
0.00979824
Time = 0.5
0.00992456
Time = 0.6
0.00997179
Time = 0.7
0.00998945
Time = 0.8
0.00999606
Time = 0.9
0.00999853
Time = 1
0.00999945
Time = 0.1
0.00614111
Time = 0.2
0.00855703
Time = 0.3
0.00946043
Time = 0.4
0.00979824
Time = 0.5
0.00992456
Time = 0.6
0.00997179
Time = 0.7
0.00998945
Time = 0.8
0.00999606
Time = 0.9
0.00999853
Time = 1
0.00999945
Time = 0.1
0.00614111
Time = 0.2
0.00855703
Time = 0.3
0.00946043
Time = 0.4
0.00979824
Time = 0.5
0.00992456
Time = 0.6
0.00997179
Time = 0.7
0.00998945
Time = 0.8
0.00999606
Time = 0.9
0.00999853
Time = 1
0.00999945
Time = 0.1
0.00614111
Time = 0.2
0.00855703
Time = 0.3
0.00946043
Time = 0.4
0.00979824
Time = 0.5
0.00992456
Time = 0.6
0.00997179
Time = 0.7
0.00998945
Time = 0.8
0.00999606
Time = 0.9
0.00999853
Time = 1
0.00999945
Time = 0.1
0.00614111
Time = 0.2
0.00855703
Time = 0.3
0.00946043
Time = 0.4
0.00979824
Time = 0.5
0.00992456
Time = 0.6
0.00997179
Time = 0.7
0.00998945
Time = 0.8
0.00999606
Time = 0.9
0.00999853
Time = 1
0.00999945
Time = 0.1
0.00614111
Time = 0.2
0.00855703
Time = 0.3
0.00946043
Time = 0.4
0.00979824
Time = 0.5
0.00992456
Time = 0.6
0.00997179
Time = 0.7
0.00998945
Time = 0.8
0.00999606
Time = 0.9
0.00999853
Time = 1
0.00999945
Time = 0.1
0.00614111
Time = 0.2
0.00855703
Time = 0.3
0.00946043
Time = 0.4
0.00979824
Time = 0.5
0.00992456
Time = 0.6
0.00997179
Time = 0.7
0.00998945
Time = 0.8
0.00999606
Time = 0.9
0.00999853
Time = 1
0.00999945
Time = 0.1
0.00614111
Time = 0.2
0.00855703
Time = 0.3
0.00946043
Time = 0.4
0.00979824
Time = 0.5
0.00992456
Time = 0.6
0.00997179
Time = 0.7
0.00998945
Time = 0.8
0.00999606
Time = 0.9
0.00999853
Time = 1
0.00999945
Time = 0.1
0.00614111
Time = 0.2
0.00855703
Time = 0.3
0.00946043
Time = 0.4
0.00979824
Time = 0.5
0.00992456
Time = 0.6
0.00997179
Time = 0.7
0.00998945
Time = 0.8
0.00999606
Time = 0.9
0.00999853
Time = 1
0.00999945
Time = 0.1
0.00614111
Time = 0.2
0.00855703
Time = 0.3
0.00946043
Time = 0.4
0.00979824
Time = 0.5
0.00992456
Time = 0.6
0.00997179
Time = 0.7
0.00998945
Time = 0.8
0.00999606
Time = 0.9
0.00999853
Time = 1
0.00999945
Time = 0.1
0.00614111
Time = 0.2
0.00855703
Time = 0.3
0.00946043
Time = 0.4
0.00979824
Time = 0.5
0.00992456
Time = 0.6
0.00997179
Time = 0.7
0.00998945
Time = 0.8
0.00999606
Time = 0.9
0.00999853
Time = 1
0.00999945
Time = 0.1
0.00614111
Time = 0.2
0.00855703
Time = 0.3
0.00946043
Time = 0.4
0.00979824
Time = 0.5
0.00992456
Time = 0.6
0.00997179
Time = 0.7
0.00998945
Time = 0.8
0.00999606
Time = 0.9
0.00999853
Time = 1
0.00999945
Time = 0.1
0.00614111
Time = 0.1
0.00614111
Time = 0.1
0.00614111
Time = 0.1
0.00614111
Time = 0.1
0.00614111
Time = 0.1
0.00614111
Time = 0.1
0.00614111
Time = 0.1
0.00614111
Time = 0.1
0.00614111
Time = 0.1
0.00614111
Time = 0.2
0.00855703
Time = 0.3
0.00946043
Time = 0.4
0.00979824
Time = 0.5
0.00992456
Time = 0.6
0.00997179
Time = 0.7
0.00998945
Time = 0.8
0.00999606
Time = 0.9
0.00999853
Time = 1
0.00999945
Time = 0.1
0.00614111
Time = 0.2
0.00855703
Time = 0.3
0.00946043
Time = 0.4
0.00979824
Time = 0.5
0.00992456
Time = 0.6
0.00997179
Time = 0.7
0.00998945
Time = 0.8
0.00999606
Time = 0.9
0.00999853
Time = 1
0.00999945
Time = 0.1
0.00614111
Time = 0.2
0.00855703
Time = 0.3
0.00946043
Time = 0.4
0.00979824
Time = 0.5
0.00992456
Time = 0.6
0.00997179
Time = 0.7
0.00998945
Time = 0.8
0.00999606
Time = 0.9
0.00999853
Time = 1
0.00999945
Time = 1
0.00999945
