Time = 0.1
0.416353
Time = 0.2
0.568894
Time = 0.3
0.625933
Time = 0.4
0.647261
Time = 0.5
0.655237
Time = 0.6
0.658219
Time = 0.7
0.659334
Time = 0.8
0.659751
Time = 0.9
0.659907
Time = 1
0.659965
Time = 0.1
0.416353
Time = 0.2
0.568894
Time = 0.3
0.625933
Time = 0.4
0.647261
Time = 0.5
0.655237
Time = 0.6
0.658219
Time = 0.7
0.659334
Time = 0.8
0.659751
Time = 0.9
0.659907
Time = 1
0.659965
Time = 0.1
0.416353
Time = 0.2
0.568894
Time = 0.3
0.625933
Time = 0.4
0.647261
Time = 0.5
0.655237
Time = 0.6
0.658219
Time = 0.7
0.659334
Time = 0.8
0.659751
Time = 0.9
0.659907
Time = 1
0.659965
Time = 0.1
0.416353
Time = 0.2
0.568894
Time = 0.3
0.625933
Time = 0.4
0.647261
Time = 0.5
0.655237
Time = 0.6
0.658219
Time = 0.7
0.659334
Time = 0.8
0.659751
Time = 0.9
0.659907
Time = 1
0.659965
Time = 0.1
0.416353
Time = 0.2
0.568894
Time = 0.3
0.625933
Time = 0.4
0.647261
Time = 0.5
0.655237
Time = 0.6
0.658219
Time = 0.7
0.659334
Time = 0.8
0.659751
Time = 0.9
0.659907
Time = 1
0.659965
Time = 0.1
0.416353
Time = 0.2
0.568894
Time = 0.3
0.625933
Time = 0.4
0.647261
Time = 0.5
0.655237
Time = 0.6
0.658219
Time = 0.7
0.659334
Time = 0.8
0.659751
Time = 0.9
0.659907
Time = 1
0.659965
Time = 0.1
0.416353
Time = 0.2
0.568894
Time = 0.3
0.625933
Time = 0.4
0.647261
Time = 0.5
0.655237
Time = 0.6
0.658219
Time = 0.7
0.659334
Time = 0.8
0.659751
Time = 0.9
0.659907
Time = 1
0.659965
Time = 0.1
0.416353
Time = 0.2
0.568894
Time = 0.3
0.625933
Time = 0.4
0.647261
Time = 0.5
0.655237
Time = 0.6
0.658219
Time = 0.7
0.659334
Time = 0.8
0.659751
Time = 0.9
0.659907
Time = 1
0.659965
Time = 0.1
0.416353
Time = 0.2
0.568894
Time = 0.3
0.625933
Time = 0.4
0.647261
Time = 0.5
0.655237
Time = 0.6
0.658219
Time = 0.7
0.659334
Time = 0.8
0.659751
Time = 0.9
0.659907
Time = 1
0.659965
Time = 0.1
0.416353
Time = 0.2
0.568894
Time = 0.3
0.625933
Time = 0.4
0.647261
Time = 0.5
0.655237
Time = 0.6
0.658219
Time = 0.7
0.659334
Time = 0.8
0.659751
Time = 0.9
0.659907
Time = 1
0.659965
Time = 0.1
0.416353
Time = 0.2
0.568894
Time = 0.3
0.625933
Time = 0.4
0.647261
Time = 0.5
0.655237
Time = 0.6
0.658219
Time = 0.7
0.659334
Time = 0.8
0.659751
Time = 0.9
0.659907
Time = 1
0.659965
Time = 0.1
0.416353
Time = 0.2
0.568894
Time = 0.3
0.625933
Time = 0.4
0.647261
Time = 0.5
0.655237
Time = 0.6
0.658219
Time = 0.7
0.659334
Time = 0.8
0.659751
Time = 0.9
0.659907
Time = 1
0.659965
Time = 0.1
0.416353
Time = 0.2
0.568894
Time = 0.3
0.625933
Time = 0.4
0.647261
Time = 0.5
0.655237
Time = 0.6
0.658219
Time = 0.7
0.659334
Time = 0.8
0.659751
Time = 0.9
0.659907
Time = 1
0.659965
Time = 0.1
0.416353
Time = 0.2
0.568894
Time = 0.3
0.625933
Time = 0.4
0.647261
Time = 0.5
0.655237
Time = 0.6
0.658219
Time = 0.7
0.659334
Time = 0.8
0.659751
Time = 0.9
0.659907
Time = 1
0.659965
Time = 0.1
0.416353
Time = 0.2
0.568894
Time = 0.3
0.625933
Time = 0.4
0.647261
Time = 0.5
0.655237
Time = 0.6
0.658219
Time = 0.7
0.659334
Time = 0.8
0.659751
Time = 0.9
0.659907
Time = 1
0.659965
Time = 0.1
0.416353
Time = 0.2
0.568894
Time = 0.3
0.625933
Time = 0.4
0.647261
Time = 0.5
0.655237
Time = 0.6
0.658219
Time = 0.7
0.659334
Time = 0.8
0.659751
Time = 0.9
0.659907
Time = 1
0.659965
Time = 0.1
0.416353
Time = 0.2
0.568894
Time = 0.3
0.625933
Time = 0.4
0.647261
Time = 0.5
0.655237
Time = 0.6
0.658219
Time = 0.7
0.659334
Time = 0.8
0.659751
Time = 0.9
0.659907
Time = 1
0.659965
Time = 0.1
0.416353
Time = 0.2
0.568894
Time = 0.3
0.625933
Time = 0.4
0.647261
Time = 0.5
0.655237
Time = 0.6
0.658219
Time = 0.7
0.659334
Time = 0.8
0.659751
Time = 0.9
0.659907
Time = 1
0.659965
Time = 0.1
0.416353
Time = 0.2
0.568894
Time = 0.3
0.625933
Time = 0.4
0.647261
Time = 0.5
0.655237
Time = 0.6
0.658219
Time = 0.7
0.659334
Time = 0.8
0.659751
Time = 0.9
0.659907
Time = 1
0.659965
Time = 0.1
0.416353
Time = 0.2
0.568894
Time = 0.3
0.625933
Time = 0.4
0.647261
Time = 0.5
0.655237
Time = 0.6
0.658219
Time = 0.7
0.659334
Time = 0.8
0.659751
Time = 0.9
0.659907
Time = 1
0.659965
Time = 0.1
0.416353
Time = 0.2
0.568894
Time = 0.3
0.625933
Time = 0.4
0.647261
Time = 0.5
0.655237
Time = 0.6
0.658219
Time = 0.7
0.659334
Time = 0.8
0.659751
Time = 0.9
0.659907
Time = 1
0.659965
Time = 0.1
0.416353
Time = 0.2
0.568894
Time = 0.3
0.625933
Time = 0.4
0.647261
Time = 0.5
0.655237
Time = 0.6
0.658219
Time = 0.7
0.659334
Time = 0.8
0.659751
Time = 0.9
0.659907
Time = 1
0.659965
Time = 0.1
0.416353
Time = 0.2
0.568894
Time = 0.3
0.625933
Time = 0.4
0.647261
Time = 0.5
0.655237
Time = 0.6
0.658219
Time = 0.7
0.659334
Time = 0.8
0.659751
Time = 0.9
0.659907
Time = 1
0.659965
Time = 0.1
0.416353
Time = 0.2
0.568894
Time = 0.3
0.625933
Time = 0.4
0.647261
Time = 0.5
0.655237
Time = 0.6
0.658219
Time = 0.7
0.659334
Time = 0.8
0.659751
Time = 0.9
0.659907
Time = 1
0.659965
Time = 0.1
0.416353
Time = 0.2
0.568894
Time = 0.3
0.625933
Time = 0.4
0.647261
Time = 0.5
0.655237
Time = 0.6
0.658219
Time = 0.7
0.659334
Time = 0.8
0.659751
Time = 0.9
0.659907
Time = 1
0.659965
Time = 0.1
0.416353
Time = 0.1
0.416353
Time = 0.1
0.416353
Time = 0.1
0.416353
Time = 0.1
0.416353
Time = 0.1
0.416353
Time = 0.1
0.416353
Time = 0.1
0.416353
Time = 0.1
0.416353
Time = 0.1
0.416353
Time = 0.2
0.568894
Time = 0.3
0.625933
Time = 0.4
0.647261
Time = 0.5
0.655237
Time = 0.6
0.658219
Time = 0.7
0.659334
Time = 0.8
0.659751
Time = 0.9
0.659907
Time = 1
0.659965
Time = 0.1
0.416353
Time = 0.2
0.568894
Time = 0.3
0.625933
Time = 0.4
0.647261
Time = 0.5
0.655237
Time = 0.6
0.658219
Time = 0.7
0.659334
Time = 0.8
0.659751
Time = 0.9
0.659907
Time = 1
0.659965
Time = 0.1
0.416353
Time = 0.2
0.568894
Time = 0.3
0.625933
Time = 0.4
0.647261
Time = 0.5
0.655237
Time = 0.6
0.658219
Time = 0.7
0.659334
Time = 0.8
0.659751
Time = 0.9
0.659907
Time = 1
0.659965
Time = 1
0.659965
