Time = 0.1
2.40746
Time = 0.2
3.1541
Time = 0.3
3.43326
Time = 0.4
3.53765
Time = 0.5
3.57669
Time = 0.6
3.59128
Time = 0.7
3.59674
Time = 0.8
3.59878
Time = 0.9
3.59954
Time = 1
3.59983
Time = 0.1
2.40746
Time = 0.2
3.1541
Time = 0.3
3.43326
Time = 0.4
3.53765
Time = 0.5
3.57669
Time = 0.6
3.59128
Time = 0.7
3.59674
Time = 0.8
3.59878
Time = 0.9
3.59954
Time = 1
3.59983
Time = 0.1
2.40746
Time = 0.2
3.1541
Time = 0.3
3.43326
Time = 0.4
3.53765
Time = 0.5
3.57669
Time = 0.6
3.59128
Time = 0.7
3.59674
Time = 0.8
3.59878
Time = 0.9
3.59954
Time = 1
3.59983
Time = 0.1
2.40746
Time = 0.2
3.1541
Time = 0.3
3.43326
Time = 0.4
3.53765
Time = 0.5
3.57669
Time = 0.6
3.59128
Time = 0.7
3.59674
Time = 0.8
3.59878
Time = 0.9
3.59954
Time = 1
3.59983
Time = 0.1
2.40746
Time = 0.2
3.1541
Time = 0.3
3.43326
Time = 0.4
3.53765
Time = 0.5
3.57669
Time = 0.6
3.59128
Time = 0.7
3.59674
Time = 0.8
3.59878
Time = 0.9
3.59954
Time = 1
3.59983
Time = 0.1
2.40746
Time = 0.2
3.1541
Time = 0.3
3.43326
Time = 0.4
3.53765
Time = 0.5
3.57669
Time = 0.6
3.59128
Time = 0.7
3.59674
Time = 0.8
3.59878
Time = 0.9
3.59954
Time = 1
3.59983
Time = 0.1
2.40746
Time = 0.2
3.1541
Time = 0.3
3.43326
Time = 0.4
3.53765
Time = 0.5
3.57669
Time = 0.6
3.59128
Time = 0.7
3.59674
Time = 0.8
3.59878
Time = 0.9
3.59954
Time = 1
3.59983
Time = 0.1
2.40746
Time = 0.2
3.1541
Time = 0.3
3.43326
Time = 0.4
3.53765
Time = 0.5
3.57669
Time = 0.6
3.59128
Time = 0.7
3.59674
Time = 0.8
3.59878
Time = 0.9
3.59954
Time = 1
3.59983
Time = 0.1
2.40746
Time = 0.2
3.1541
Time = 0.3
3.43326
Time = 0.4
3.53765
Time = 0.5
3.57669
Time = 0.6
3.59128
Time = 0.7
3.59674
Time = 0.8
3.59878
Time = 0.9
3.59954
Time = 1
3.59983
Time = 0.1
2.40746
Time = 0.2
3.1541
Time = 0.3
3.43326
Time = 0.4
3.53765
Time = 0.5
3.57669
Time = 0.6
3.59128
Time = 0.7
3.59674
Time = 0.8
3.59878
Time = 0.9
3.59954
Time = 1
3.59983
Time = 0.1
2.40746
Time = 0.2
3.1541
Time = 0.3
3.43326
Time = 0.4
3.53765
Time = 0.5
3.57669
Time = 0.6
3.59128
Time = 0.7
3.59674
Time = 0.8
3.59878
Time = 0.9
3.59954
Time = 1
3.59983
Time = 0.1
2.40746
Time = 0.2
3.1541
Time = 0.3
3.43326
Time = 0.4
3.53765
Time = 0.5
3.57669
Time = 0.6
3.59128
Time = 0.7
3.59674
Time = 0.8
3.59878
Time = 0.9
3.59954
Time = 1
3.59983
Time = 0.1
2.40746
Time = 0.2
3.1541
Time = 0.3
3.43326
Time = 0.4
3.53765
Time = 0.5
3.57669
Time = 0.6
3.59128
Time = 0.7
3.59674
Time = 0.8
3.59878
Time = 0.9
3.59954
Time = 1
3.59983
Time = 0.1
2.40746
Time = 0.2
3.1541
Time = 0.3
3.43326
Time = 0.4
3.53765
Time = 0.5
3.57669
Time = 0.6
3.59128
Time = 0.7
3.59674
Time = 0.8
3.59878
Time = 0.9
3.59954
Time = 1
3.59983
Time = 0.1
2.40746
Time = 0.2
3.1541
Time = 0.3
3.43326
Time = 0.4
3.53765
Time = 0.5
3.57669
Time = 0.6
3.59128
Time = 0.7
3.59674
Time = 0.8
3.59878
Time = 0.9
3.59954
Time = 1
3.59983
Time = 0.1
2.40746
Time = 0.2
3.1541
Time = 0.3
3.43326
Time = 0.4
3.53765
Time = 0.5
3.57669
Time = 0.6
3.59128
Time = 0.7
3.59674
Time = 0.8
3.59878
Time = 0.9
3.59954
Time = 1
3.59983
Time = 0.1
2.40746
Time = 0.2
3.1541
Time = 0.3
3.43326
Time = 0.4
3.53765
Time = 0.5
3.57669
Time = 0.6
3.59128
Time = 0.7
3.59674
Time = 0.8
3.59878
Time = 0.9
3.59954
Time = 1
3.59983
Time = 0.1
2.40746
Time = 0.2
3.1541
Time = 0.3
3.43326
Time = 0.4
3.53765
Time = 0.5
3.57669
Time = 0.6
3.59128
Time = 0.7
3.59674
Time = 0.8
3.59878
Time = 0.9
3.59954
Time = 1
3.59983
Time = 0.1
2.40746
Time = 0.2
3.1541
Time = 0.3
3.43326
Time = 0.4
3.53765
Time = 0.5
3.57669
Time = 0.6
3.59128
Time = 0.7
3.59674
Time = 0.8
3.59878
Time = 0.9
3.59954
Time = 1
3.59983
Time = 0.1
2.40746
Time = 0.2
3.1541
Time = 0.3
3.43326
Time = 0.4
3.53765
Time = 0.5
3.57669
Time = 0.6
3.59128
Time = 0.7
3.59674
Time = 0.8
3.59878
Time = 0.9
3.59954
Time = 1
3.59983
Time = 0.1
2.40746
Time = 0.2
3.1541
Time = 0.3
3.43326
Time = 0.4
3.53765
Time = 0.5
3.57669
Time = 0.6
3.59128
Time = 0.7
3.59674
Time = 0.8
3.59878
Time = 0.9
3.59954
Time = 1
3.59983
Time = 0.1
2.40746
Time = 0.2
3.1541
Time = 0.3
3.43326
Time = 0.4
3.53765
Time = 0.5
3.57669
Time = 0.6
3.59128
Time = 0.7
3.59674
Time = 0.8
3.59878
Time = 0.9
3.59954
Time = 1
3.59983
Time = 0.1
2.40746
Time = 0.2
3.1541
Time = 0.3
3.43326
Time = 0.4
3.53765
Time = 0.5
3.57669
Time = 0.6
3.59128
Time = 0.7
3.59674
Time = 0.8
3.59878
Time = 0.9
3.59954
Time = 1
3.59983
Time = 0.1
2.40746
Time = 0.2
3.1541
Time = 0.3
3.43326
Time = 0.4
3.53765
Time = 0.5
3.57669
Time = 0.6
3.59128
Time = 0.7
3.59674
Time = 0.8
3.59878
Time = 0.9
3.59954
Time = 1
3.59983
Time = 0.1
2.40746
Time = 0.2
3.1541
Time = 0.3
3.43326
Time = 0.4
3.53765
Time = 0.5
3.57669
Time = 0.6
3.59128
Time = 0.7
3.59674
Time = 0.8
3.59878
Time = 0.9
3.59954
Time = 1
3.59983
Time = 0.1
2.40746
Time = 0.1
2.40746
Time = 0.1
2.40746
Time = 0.1
2.40746
Time = 0.1
2.40746
Time = 0.1
2.40746
Time = 0.1
2.40746
Time = 0.1
2.40746
Time = 0.1
2.40746
Time = 0.1
2.40746
Time = 0.2
3.1541
Time = 0.3
3.43326
Time = 0.4
3.53765
Time = 0.5
3.57669
Time = 0.6
3.59128
Time = 0.7
3.59674
Time = 0.8
3.59878
Time = 0.9
3.59954
Time = 1
3.59983
Time = 0.1
2.40746
Time = 0.2
3.1541
Time = 0.3
3.43326
Time = 0.4
3.53765
Time = 0.5
3.57669
Time = 0.6
3.59128
Time = 0.7
3.59674
Time = 0.8
3.59878
Time = 0.9
3.59954
Time = 1
3.59983
Time = 0.1
2.40746
Time = 0.2
3.1541
Time = 0.3
3.43326
Time = 0.4
3.53765
Time = 0.5
3.57669
Time = 0.6
3.59128
Time = 0.7
3.59674
Time = 0.8
3.59878
Time = 0.9
3.59954
Time = 1
3.59983
Time = 1
3.59983
