Time = 0.1
0,0.240746,0.413169,0.527801,0.592995,0.614111,0.592995,0.527801,0.413169,0.240746,0,
Time = 0.2
0,0.31541,0.555184,0.723261,0.822765,0.855703,0.822765,0.723261,0.555184,0.31541,0,
Time = 0.3
0,0.343326,0.608285,0.796348,0.908684,0.946043,0.908684,0.796348,0.608285,0.343326,0,
Time = 0.4
0,0.353765,0.628141,0.823677,0.940812,0.979824,0.940812,0.823677,0.628141,0.353765,0,
Time = 0.5
0,0.357669,0.635566,0.833896,0.952825,0.992456,0.952825,0.833896,0.635566,0.357669,0,
Time = 0.6
0,0.359128,0.638342,0.837718,0.957317,0.997179,0.957317,0.837718,0.638342,0.359128,0,
Time = 0.7
0,0.359674,0.63938,0.839147,0.958997,0.998945,0.958997,0.839147,0.63938,0.359674,0,
Time = 0.8
0,0.359878,0.639768,0.839681,0.959625,0.999606,0.959625,0.839681,0.639768,0.359878,0,
Time = 0.9
0,0.359954,0.639913,0.839881,0.95986,0.999853,0.95986,0.839881,0.639913,0.359954,0,
Time = 1
0,0.359983,0.639968,0.839955,0.959948,0.999945,0.959948,0.839955,0.639968,0.359983,0,
Time = 1
0,0.359983,0.639968,0.839955,0.959948,0.999945,0.959948,0.839955,0.639968,0.359983,0,
